  AudioManager.cpp
  DataManager.cpp
  Dungeon.cpp
C:\haku\hakusura\HaxSlaGame\HaxSlaGame\Dungeon.cpp(68,124): warning C4244: '引数': 'float' から 'int' への変換です。データが失われる可能性があります。
C:\haku\hakusura\HaxSlaGame\HaxSlaGame\Dungeon.cpp(68,94): warning C4244: '引数': 'float' から 'int' への変換です。データが失われる可能性があります。
C:\haku\hakusura\HaxSlaGame\HaxSlaGame\Dungeon.cpp(68,64): warning C4244: '引数': 'float' から 'int' への変換です。データが失われる可能性があります。
C:\haku\hakusura\HaxSlaGame\HaxSlaGame\Dungeon.cpp(68,34): warning C4244: '引数': 'float' から 'int' への変換です。データが失われる可能性があります。
C:\haku\hakusura\HaxSlaGame\HaxSlaGame\Dungeon.cpp(69,124): warning C4244: '引数': 'float' から 'int' への変換です。データが失われる可能性があります。
C:\haku\hakusura\HaxSlaGame\HaxSlaGame\Dungeon.cpp(69,94): warning C4244: '引数': 'float' から 'int' への変換です。データが失われる可能性があります。
C:\haku\hakusura\HaxSlaGame\HaxSlaGame\Dungeon.cpp(69,64): warning C4244: '引数': 'float' から 'int' への変換です。データが失われる可能性があります。
C:\haku\hakusura\HaxSlaGame\HaxSlaGame\Dungeon.cpp(69,34): warning C4244: '引数': 'float' から 'int' への変換です。データが失われる可能性があります。
C:\haku\hakusura\HaxSlaGame\HaxSlaGame\Dungeon.cpp(78,124): warning C4244: '引数': 'float' から 'int' への変換です。データが失われる可能性があります。
C:\haku\hakusura\HaxSlaGame\HaxSlaGame\Dungeon.cpp(78,94): warning C4244: '引数': 'float' から 'int' への変換です。データが失われる可能性があります。
C:\haku\hakusura\HaxSlaGame\HaxSlaGame\Dungeon.cpp(78,64): warning C4244: '引数': 'float' から 'int' への変換です。データが失われる可能性があります。
C:\haku\hakusura\HaxSlaGame\HaxSlaGame\Dungeon.cpp(78,34): warning C4244: '引数': 'float' から 'int' への変換です。データが失われる可能性があります。
C:\haku\hakusura\HaxSlaGame\HaxSlaGame\Dungeon.cpp(108,33): warning C4244: '引数': 'int' から 'float' への変換です。データが失われる可能性があります。
C:\haku\hakusura\HaxSlaGame\HaxSlaGame\Dungeon.cpp(108,29): warning C4244: '引数': 'int' から 'float' への変換です。データが失われる可能性があります。
C:\haku\hakusura\HaxSlaGame\HaxSlaGame\Dungeon.cpp(108,58): warning C4244: '引数': 'int' から 'float' への変換です。データが失われる可能性があります。
C:\haku\hakusura\HaxSlaGame\HaxSlaGame\Dungeon.cpp(108,54): warning C4244: '引数': 'int' から 'float' への変換です。データが失われる可能性があります。
C:\haku\hakusura\HaxSlaGame\HaxSlaGame\Dungeon.cpp(109,33): warning C4244: '引数': 'int' から 'float' への変換です。データが失われる可能性があります。
C:\haku\hakusura\HaxSlaGame\HaxSlaGame\Dungeon.cpp(109,29): warning C4244: '引数': 'int' から 'float' への変換です。データが失われる可能性があります。
C:\haku\hakusura\HaxSlaGame\HaxSlaGame\Dungeon.cpp(109,58): warning C4244: '引数': 'int' から 'float' への変換です。データが失われる可能性があります。
C:\haku\hakusura\HaxSlaGame\HaxSlaGame\Dungeon.cpp(109,54): warning C4244: '引数': 'int' から 'float' への変換です。データが失われる可能性があります。
  EffectManager.cpp
  Enemy.cpp
  Game.cpp
  main.cpp
  Player.cpp
  UI.cpp
C:\haku\hakusura\HaxSlaGame\HaxSlaGame\UI.cpp(357,90): warning C4244: '引数': 'float' から 'int' への変換です。データが失われる可能性があります。
C:\haku\hakusura\HaxSlaGame\HaxSlaGame\UI.cpp(357,63): warning C4244: '引数': 'float' から 'int' への変換です。データが失われる可能性があります。
C:\haku\hakusura\HaxSlaGame\HaxSlaGame\UI.cpp(357,38): warning C4244: '引数': 'float' から 'int' への変換です。データが失われる可能性があります。
C:\haku\hakusura\HaxSlaGame\HaxSlaGame\UI.cpp(357,28): warning C4244: '引数': 'float' から 'int' への変換です。データが失われる可能性があります。
C:\haku\hakusura\HaxSlaGame\HaxSlaGame\UI.cpp(361,76): warning C4244: '引数': 'float' から 'int' への変換です。データが失われる可能性があります。
C:\haku\hakusura\HaxSlaGame\HaxSlaGame\UI.cpp(361,68): warning C4244: '引数': 'float' から 'int' への変換です。データが失われる可能性があります。
C:\haku\hakusura\HaxSlaGame\HaxSlaGame\UI.cpp(361,55): warning C4244: '引数': 'float' から 'int' への変換です。データが失われる可能性があります。
C:\haku\hakusura\HaxSlaGame\HaxSlaGame\UI.cpp(361,40): warning C4244: '引数': 'float' から 'int' への変換です。データが失われる可能性があります。
C:\haku\hakusura\HaxSlaGame\HaxSlaGame\UI.cpp(365,65): warning C4244: '引数': 'float' から 'int' への変換です。データが失われる可能性があります。
C:\haku\hakusura\HaxSlaGame\HaxSlaGame\UI.cpp(365,25): warning C4244: '引数': 'float' から 'int' への変換です。データが失われる可能性があります。
C:\haku\hakusura\HaxSlaGame\HaxSlaGame\UI.cpp(382,89): warning C4244: '引数': 'float' から 'int' への変換です。データが失われる可能性があります。
C:\haku\hakusura\HaxSlaGame\HaxSlaGame\UI.cpp(382,56): warning C4244: '引数': 'float' から 'int' への変換です。データが失われる可能性があります。
C:\haku\hakusura\HaxSlaGame\HaxSlaGame\UI.cpp(382,39): warning C4244: '引数': 'float' から 'int' への変換です。データが失われる可能性があります。
C:\haku\hakusura\HaxSlaGame\HaxSlaGame\UI.cpp(382,29): warning C4244: '引数': 'float' から 'int' への変換です。データが失われる可能性があります。
C:\haku\hakusura\HaxSlaGame\HaxSlaGame\UI.cpp(392,84): warning C4244: '引数': 'float' から 'int' への変換です。データが失われる可能性があります。
C:\haku\hakusura\HaxSlaGame\HaxSlaGame\UI.cpp(392,53): warning C4244: '引数': 'float' から 'int' への変換です。データが失われる可能性があります。
C:\haku\hakusura\HaxSlaGame\HaxSlaGame\UI.cpp(392,37): warning C4244: '引数': 'float' から 'int' への変換です。データが失われる可能性があります。
C:\haku\hakusura\HaxSlaGame\HaxSlaGame\UI.cpp(392,28): warning C4244: '引数': 'float' から 'int' への変換です。データが失われる可能性があります。
  コード生成しています。
  Previous IPDB not found, fall back to full compilation.
  All 3503 functions were compiled because no usable IPDB/IOBJ from previous compilation was found.
  コード生成が終了しました。
  HaxSlaGame.vcxproj -> C:\haku\hakusura\HaxSlaGame\x64\Release\HaxSlaGame.exe
