c:\haku\hakusura\haxslagame\haxslagame\x64\release\vc143.pdb
c:\haku\hakusura\haxslagame\haxslagame\x64\release\ui.obj
c:\haku\hakusura\haxslagame\haxslagame\x64\release\player.obj
c:\haku\hakusura\haxslagame\haxslagame\x64\release\main.obj
c:\haku\hakusura\haxslagame\haxslagame\x64\release\game.obj
c:\haku\hakusura\haxslagame\haxslagame\x64\release\enemy.obj
c:\haku\hakusura\haxslagame\haxslagame\x64\release\effectmanager.obj
c:\haku\hakusura\haxslagame\haxslagame\x64\release\dungeon.obj
c:\haku\hakusura\haxslagame\haxslagame\x64\release\datamanager.obj
c:\haku\hakusura\haxslagame\haxslagame\x64\release\audiomanager.obj
c:\haku\hakusura\haxslagame\x64\release\haxslagame.exe
c:\haku\hakusura\haxslagame\x64\release\haxslagame.pdb
c:\haku\hakusura\haxslagame\haxslagame\x64\release\haxslagame.ipdb
c:\haku\hakusura\haxslagame\haxslagame\x64\release\haxslagame.iobj
c:\haku\hakusura\haxslagame\haxslagame\x64\release\haxslagame.tlog\cl.command.1.tlog
c:\haku\hakusura\haxslagame\haxslagame\x64\release\haxslagame.tlog\cl.items.tlog
c:\haku\hakusura\haxslagame\haxslagame\x64\release\haxslagame.tlog\cl.read.1.tlog
c:\haku\hakusura\haxslagame\haxslagame\x64\release\haxslagame.tlog\cl.write.1.tlog
c:\haku\hakusura\haxslagame\haxslagame\x64\release\haxslagame.tlog\link.command.1.tlog
c:\haku\hakusura\haxslagame\haxslagame\x64\release\haxslagame.tlog\link.read.1.tlog
c:\haku\hakusura\haxslagame\haxslagame\x64\release\haxslagame.tlog\link.secondary.1.tlog
c:\haku\hakusura\haxslagame\haxslagame\x64\release\haxslagame.tlog\link.write.1.tlog
